<?xml version="1.0" encoding="UTF-8"?>
<testsuite xmlns:xsi="http://www.w3.org/2001/XMLSchema-instance" xsi:noNamespaceSchemaLocation="https://maven.apache.org/surefire/maven-surefire-plugin/xsd/surefire-test-report-3.0.xsd" version="3.0" name="com.in28minutes.rest.webservices.restfulwebservices.RestfulWebServicesApplicationTests" time="3.488" tests="1" errors="0" skipped="0" failures="0">
  <properties>
[...]
</properties>
  <testcase name="contextLoads" classname="com.in28minutes.rest.webservices.restfulwebservices.RestfulWebServicesApplicationTests" time="0.853">
    <system-out><![CDATA[15:03:34.122 [main] INFO org.springframework.test.context.support.AnnotationConfigContextLoaderUtils -- Could not detect default configuration classes for test class [com.in28minutes.rest.webservices.restfulwebservices.RestfulWebServicesApplicationTests]: RestfulWebServicesApplicationTests does not declare any static, non-private, non-final, nested classes annotated with @Configuration.
15:03:34.205 [main] INFO org.springframework.boot.test.context.SpringBootTestContextBootstrapper -- Found @SpringBootConfiguration com.in28minutes.rest.webservices.restfulwebservices.RestfulWebServicesApplication for test class com.in28minutes.rest.webservices.restfulwebservices.RestfulWebServicesApplicationTests
15:03:34.344 [main] INFO org.springframework.boot.devtools.restart.RestartApplicationListener -- Restart disabled due to context in which it is running

  .   ____          _            __ _ _
 /\\ / ___'_ __ _ _(_)_ __  __ _ \ \ \ \
( ( )\___ | '_ | '_| | '_ \/ _` | \ \ \ \
 \\/  ___)| |_)| | | | | || (_| |  ) ) ) )
  '  |____| .__|_| |_|_| |_\__, | / / / /
 =========|_|==============|___/=/_/_/_/
 :: Spring Boot ::               (v3.1.10)

2024-04-14T15:03:34.595+07:00  INFO 3059323 --- [           main] r.w.r.RestfulWebServicesApplicationTests : Starting RestfulWebServicesApplicationTests using Java 17.0.10 with PID 3059323 (started by hyvuonggia in /home/hyvuonggia/todo-app-react-springboot/01-rest-api-starting-code)
2024-04-14T15:03:34.596+07:00  INFO 3059323 --- [           main] r.w.r.RestfulWebServicesApplicationTests : No active profile set, falling back to 1 default profile: "default"
2024-04-14T15:03:35.989+07:00  INFO 3059323 --- [           main] o.s.s.web.DefaultSecurityFilterChain     : Will secure any request with [org.springframework.security.web.session.DisableEncodeUrlFilter@287ae90c, org.springframework.security.web.context.request.async.WebAsyncManagerIntegrationFilter@2e1b374c, org.springframework.security.web.context.SecurityContextHolderFilter@4fb56bea, org.springframework.security.web.header.HeaderWriterFilter@75fd65c, org.springframework.security.web.authentication.logout.LogoutFilter@6c184d4d, org.springframework.security.web.authentication.www.BasicAuthenticationFilter@74024f3, org.springframework.security.web.savedrequest.RequestCacheAwareFilter@1f95881a, org.springframework.security.web.servletapi.SecurityContextHolderAwareRequestFilter@733ec58b, org.springframework.security.web.authentication.AnonymousAuthenticationFilter@3fcee3d9, org.springframework.security.web.session.SessionManagementFilter@56c8e6f0, org.springframework.security.web.access.ExceptionTranslationFilter@41ccb3b9, org.springframework.security.web.access.intercept.AuthorizationFilter@63f9b562]
2024-04-14T15:03:36.286+07:00  INFO 3059323 --- [           main] o.s.s.web.DefaultSecurityFilterChain     : Will secure any request with [org.springframework.security.web.session.DisableEncodeUrlFilter@100ad67e, org.springframework.security.web.context.request.async.WebAsyncManagerIntegrationFilter@713a35c5, org.springframework.security.web.context.SecurityContextHolderFilter@2dafae61, org.springframework.security.web.header.HeaderWriterFilter@5ef85555, org.springframework.security.web.authentication.logout.LogoutFilter@1bbddada, org.springframework.security.oauth2.server.resource.web.authentication.BearerTokenAuthenticationFilter@7ecda95b, org.springframework.security.web.authentication.www.BasicAuthenticationFilter@22da2fe6, org.springframework.security.web.savedrequest.RequestCacheAwareFilter@7a2fce12, org.springframework.security.web.servletapi.SecurityContextHolderAwareRequestFilter@66e17eff, org.springframework.security.web.authentication.AnonymousAuthenticationFilter@62aeddc8, org.springframework.security.web.session.SessionManagementFilter@5bcec67e, org.springframework.security.web.access.ExceptionTranslationFilter@73c48264, org.springframework.security.web.access.intercept.AuthorizationFilter@721d5b74]
2024-04-14T15:03:36.556+07:00  INFO 3059323 --- [           main] r.w.r.RestfulWebServicesApplicationTests : Started RestfulWebServicesApplicationTests in 2.223 seconds (process running for 3.165)
]]></system-out>
  </testcase>
</testsuite>